INFO 18:59:34:725 wdm.WebDriverManager resolveDriverVersion:1212 Using chromedriver 120.0.6099.109 (resolved driver for Chrome 120)
INFO 18:59:34:765 wdm.WebDriverManager exportDriver:1265 Exporting webdriver.chrome.driver as /Users/gplagun/.cache/selenium/chromedriver/mac64/120.0.6099.109/chromedriver
INFO 19:01:43:932 wdm.WebDriverManager resolveDriverVersion:1212 Using chromedriver 120.0.6099.109 (resolved driver for Chrome 120)
INFO 19:01:43:964 wdm.WebDriverManager exportDriver:1265 Exporting webdriver.chrome.driver as /Users/gplagun/.cache/selenium/chromedriver/mac64/120.0.6099.109/chromedriver
INFO 12:24:58:699 wdm.WebDriverManager resolveDriverVersion:1212 Using chromedriver 122.0.6261.128 (resolved driver for Chrome 122)
INFO 12:24:58:749 wdm.WebDriverManager exportDriver:1265 Exporting webdriver.chrome.driver as /Users/gplagun/.cache/selenium/chromedriver/mac-x64/122.0.6261.128/chromedriver
INFO 12:34:53:281 wdm.WebDriverManager resolveDriverVersion:1212 Using chromedriver 122.0.6261.128 (resolved driver for Chrome 122)
INFO 12:34:53:344 wdm.WebDriverManager exportDriver:1265 Exporting webdriver.chrome.driver as /Users/gplagun/.cache/selenium/chromedriver/mac-x64/122.0.6261.128/chromedriver
INFO 12:40:01:144 wdm.WebDriverManager resolveDriverVersion:1212 Using chromedriver 122.0.6261.128 (resolved driver for Chrome 122)
INFO 12:40:01:204 wdm.WebDriverManager exportDriver:1265 Exporting webdriver.chrome.driver as /Users/gplagun/.cache/selenium/chromedriver/mac-x64/122.0.6261.128/chromedriver
INFO 12:41:50:986 wdm.WebDriverManager resolveDriverVersion:1212 Using chromedriver 122.0.6261.128 (resolved driver for Chrome 122)
INFO 12:41:51:033 wdm.WebDriverManager exportDriver:1265 Exporting webdriver.chrome.driver as /Users/gplagun/.cache/selenium/chromedriver/mac-x64/122.0.6261.128/chromedriver
INFO 12:43:23:452 wdm.WebDriverManager resolveDriverVersion:1212 Using chromedriver 122.0.6261.128 (resolved driver for Chrome 122)
INFO 12:43:23:502 wdm.WebDriverManager exportDriver:1265 Exporting webdriver.chrome.driver as /Users/gplagun/.cache/selenium/chromedriver/mac-x64/122.0.6261.128/chromedriver
INFO 12:45:13:457 wdm.WebDriverManager resolveDriverVersion:1212 Using chromedriver 122.0.6261.128 (resolved driver for Chrome 122)
INFO 12:45:13:514 wdm.WebDriverManager exportDriver:1265 Exporting webdriver.chrome.driver as /Users/gplagun/.cache/selenium/chromedriver/mac-x64/122.0.6261.128/chromedriver
INFO 12:45:59:500 wdm.WebDriverManager resolveDriverVersion:1212 Using chromedriver 122.0.6261.128 (resolved driver for Chrome 122)
INFO 12:45:59:556 wdm.WebDriverManager exportDriver:1265 Exporting webdriver.chrome.driver as /Users/gplagun/.cache/selenium/chromedriver/mac-x64/122.0.6261.128/chromedriver
INFO 13:00:27:915 wdm.WebDriverManager resolveDriverVersion:1212 Using chromedriver 122.0.6261.128 (resolved driver for Chrome 122)
INFO 13:00:27:969 wdm.WebDriverManager exportDriver:1265 Exporting webdriver.chrome.driver as /Users/gplagun/.cache/selenium/chromedriver/mac-x64/122.0.6261.128/chromedriver
INFO 13:02:09:976 wdm.WebDriverManager resolveDriverVersion:1212 Using chromedriver 122.0.6261.128 (resolved driver for Chrome 122)
INFO 13:02:10:034 wdm.WebDriverManager exportDriver:1265 Exporting webdriver.chrome.driver as /Users/gplagun/.cache/selenium/chromedriver/mac-x64/122.0.6261.128/chromedriver
WARN 13:02:21:408 handler.WebSocketHandler handleException:142 onError
java.net.SocketException: Connection reset
	at java.base/sun.nio.ch.SocketChannelImpl.throwConnectionReset(SocketChannelImpl.java:401) ~[?:?]
	at java.base/sun.nio.ch.SocketChannelImpl.read(SocketChannelImpl.java:434) ~[?:?]
	at io.netty.buffer.PooledByteBuf.setBytes(PooledByteBuf.java:256) ~[netty-buffer-4.1.92.Final.jar:4.1.92.Final]
	at io.netty.buffer.AbstractByteBuf.writeBytes(AbstractByteBuf.java:1132) ~[netty-buffer-4.1.92.Final.jar:4.1.92.Final]
	at io.netty.channel.socket.nio.NioSocketChannel.doReadBytes(NioSocketChannel.java:357) ~[netty-transport-4.1.92.Final.jar:4.1.92.Final]
	at io.netty.channel.nio.AbstractNioByteChannel$NioByteUnsafe.read(AbstractNioByteChannel.java:151) ~[netty-transport-4.1.92.Final.jar:4.1.92.Final]
	at io.netty.channel.nio.NioEventLoop.processSelectedKey(NioEventLoop.java:788) ~[netty-transport-4.1.92.Final.jar:4.1.92.Final]
	at io.netty.channel.nio.NioEventLoop.processSelectedKeysOptimized(NioEventLoop.java:724) ~[netty-transport-4.1.92.Final.jar:4.1.92.Final]
	at io.netty.channel.nio.NioEventLoop.processSelectedKeys(NioEventLoop.java:650) ~[netty-transport-4.1.92.Final.jar:4.1.92.Final]
	at io.netty.channel.nio.NioEventLoop.run(NioEventLoop.java:562) ~[netty-transport-4.1.92.Final.jar:4.1.92.Final]
	at io.netty.util.concurrent.SingleThreadEventExecutor$4.run(SingleThreadEventExecutor.java:997) ~[netty-common-4.1.92.Final.jar:4.1.92.Final]
	at io.netty.util.internal.ThreadExecutorMap$2.run(ThreadExecutorMap.java:74) ~[netty-common-4.1.92.Final.jar:4.1.92.Final]
	at io.netty.util.concurrent.FastThreadLocalRunnable.run(FastThreadLocalRunnable.java:30) ~[netty-common-4.1.92.Final.jar:4.1.92.Final]
	at java.base/java.lang.Thread.run(Thread.java:1583) [?:?]
INFO 13:11:37:080 wdm.WebDriverManager resolveDriverVersion:1212 Using chromedriver 122.0.6261.128 (resolved driver for Chrome 122)
INFO 13:11:37:135 wdm.WebDriverManager exportDriver:1265 Exporting webdriver.chrome.driver as /Users/gplagun/.cache/selenium/chromedriver/mac-x64/122.0.6261.128/chromedriver
INFO 13:16:44:415 wdm.WebDriverManager resolveDriverVersion:1212 Using chromedriver 122.0.6261.128 (resolved driver for Chrome 122)
INFO 13:16:44:459 wdm.WebDriverManager exportDriver:1265 Exporting webdriver.chrome.driver as /Users/gplagun/.cache/selenium/chromedriver/mac-x64/122.0.6261.128/chromedriver
INFO 13:32:19:137 wdm.WebDriverManager resolveDriverVersion:1212 Using chromedriver 122.0.6261.128 (resolved driver for Chrome 122)
INFO 13:32:19:192 wdm.WebDriverManager exportDriver:1265 Exporting webdriver.chrome.driver as /Users/gplagun/.cache/selenium/chromedriver/mac-x64/122.0.6261.128/chromedriver
WARN 13:32:40:047 handler.WebSocketHandler handleException:142 onError
java.net.SocketException: Connection reset
	at java.base/sun.nio.ch.SocketChannelImpl.throwConnectionReset(SocketChannelImpl.java:401) ~[?:?]
	at java.base/sun.nio.ch.SocketChannelImpl.read(SocketChannelImpl.java:434) ~[?:?]
	at io.netty.buffer.PooledByteBuf.setBytes(PooledByteBuf.java:256) ~[netty-buffer-4.1.92.Final.jar:4.1.92.Final]
	at io.netty.buffer.AbstractByteBuf.writeBytes(AbstractByteBuf.java:1132) ~[netty-buffer-4.1.92.Final.jar:4.1.92.Final]
	at io.netty.channel.socket.nio.NioSocketChannel.doReadBytes(NioSocketChannel.java:357) ~[netty-transport-4.1.92.Final.jar:4.1.92.Final]
	at io.netty.channel.nio.AbstractNioByteChannel$NioByteUnsafe.read(AbstractNioByteChannel.java:151) ~[netty-transport-4.1.92.Final.jar:4.1.92.Final]
	at io.netty.channel.nio.NioEventLoop.processSelectedKey(NioEventLoop.java:788) ~[netty-transport-4.1.92.Final.jar:4.1.92.Final]
	at io.netty.channel.nio.NioEventLoop.processSelectedKeysOptimized(NioEventLoop.java:724) ~[netty-transport-4.1.92.Final.jar:4.1.92.Final]
	at io.netty.channel.nio.NioEventLoop.processSelectedKeys(NioEventLoop.java:650) ~[netty-transport-4.1.92.Final.jar:4.1.92.Final]
	at io.netty.channel.nio.NioEventLoop.run(NioEventLoop.java:562) ~[netty-transport-4.1.92.Final.jar:4.1.92.Final]
	at io.netty.util.concurrent.SingleThreadEventExecutor$4.run(SingleThreadEventExecutor.java:997) ~[netty-common-4.1.92.Final.jar:4.1.92.Final]
	at io.netty.util.internal.ThreadExecutorMap$2.run(ThreadExecutorMap.java:74) ~[netty-common-4.1.92.Final.jar:4.1.92.Final]
	at io.netty.util.concurrent.FastThreadLocalRunnable.run(FastThreadLocalRunnable.java:30) ~[netty-common-4.1.92.Final.jar:4.1.92.Final]
	at java.base/java.lang.Thread.run(Thread.java:1583) [?:?]
